<?xml version="1.0" encoding="UTF-8"?>
<!-- Generated by org.testng.reporters.JUnitReportReporter -->
<testsuite skipped="0" hostname="hp" name="com.get.Delete" tests="1" failures="0" timestamp="2020-12-04T12:37:31 IST" time="9.221" errors="0">
  <testcase name="test" time="9.221" classname="com.get.Delete"/>
  <system-out/>
</testsuite> <!-- com.get.Delete -->
