<?xml version="1.0" encoding="UTF-8"?>
<!-- Generated by org.testng.reporters.JUnitReportReporter -->
<testsuite skipped="0" hostname="hp" name="com.get.Post" tests="1" failures="0" timestamp="2020-12-04T12:32:06 IST" time="10.339" errors="0">
  <testcase name="Test1" time="10.339" classname="com.get.Post"/>
  <system-out/>
</testsuite> <!-- com.get.Post -->
