<?xml version="1.0" encoding="UTF-8"?>
<!-- Generated by org.testng.reporters.JUnitReportReporter -->
<testsuite skipped="0" hostname="hp" name="com.get.GetData" tests="2" failures="0" timestamp="2020-12-04T10:11:34 IST" time="5.353" errors="0">
  <testcase name="getresponsecode" time="5.038" classname="com.get.GetData"/>
  <system-out/>
  <testcase name="testbody" time="0.315" classname="com.get.GetData"/>
  <system-out/>
</testsuite> <!-- com.get.GetData -->
