<?xml version="1.0" encoding="UTF-8"?>
<!-- Generated by org.testng.reporters.JUnitReportReporter -->
<testsuite skipped="0" hostname="hp" name="com.get.GetData2" tests="2" failures="0" timestamp="2020-12-04T17:35:30 IST" time="25560.730" errors="0">
  <testcase name="testbody" time="0.602" classname="com.get.GetData2"/>
  <system-out/>
  <testcase name="getresponsecode" time="25560.129" classname="com.get.GetData2"/>
  <system-out/>
</testsuite> <!-- com.get.GetData2 -->
