<?xml version="1.0" encoding="UTF-8"?>
<!-- Generated by org.testng.reporters.JUnitReportReporter -->
<testsuite skipped="0" hostname="hp" name="com.get.Put" tests="1" failures="0" timestamp="2020-12-04T12:59:07 IST" time="4.775" errors="0">
  <testcase name="test" time="4.775" classname="com.get.Put"/>
  <system-out/>
</testsuite> <!-- com.get.Put -->
