<?xml version="1.0" encoding="UTF-8"?>
<!-- Generated by org.testng.reporters.JUnitReportReporter -->
<testsuite skipped="0" hostname="hp" name="Tutorial_Sdet_Package.Get_AllHeaders" tests="1" failures="0" timestamp="2021-01-11T15:19:33 IST" time="14.165" errors="0">
  <testcase name="GetalltheHeaders" time="14.165" classname="Tutorial_Sdet_Package.Get_AllHeaders"/>
  <system-out/>
</testsuite> <!-- Tutorial_Sdet_Package.Get_AllHeaders -->
