<?xml version="1.0" encoding="UTF-8"?>
<!-- Generated by org.testng.reporters.JUnitReportReporter -->
<testsuite skipped="0" hostname="hp" name="Tutorial_Sdet_Package.Get_Statuscode" tests="1" failures="0" timestamp="2021-01-11T13:49:09 IST" time="11.584" errors="0">
  <testcase name="getWeatherdetails" time="11.584" classname="Tutorial_Sdet_Package.Get_Statuscode"/>
  <system-out/>
</testsuite> <!-- Tutorial_Sdet_Package.Get_Statuscode -->
